<?xml version="1.0" encoding="UTF-8"?>
<coverage generated="1651570345262" clover="3.2.0">
  <project timestamp="1651570345262" name="All files">
    <metrics statements="74" coveredstatements="74" conditionals="40" coveredconditionals="40" methods="25" coveredmethods="25" elements="139" coveredelements="139" complexity="0" loc="74" ncloc="74" packages="1" files="2" classes="2"/>
    <file name="use-form.hook.ts" path="/home/gianmarcotoso/Developer/projects/use-form/src/use-form.hook.ts">
      <metrics statements="72" coveredstatements="72" conditionals="36" coveredconditionals="36" methods="24" coveredmethods="24"/>
      <line num="1" count="1" type="stmt"/>
      <line num="2" count="1" type="stmt"/>
      <line num="3" count="1" type="stmt"/>
      <line num="41" count="22" type="stmt"/>
      <line num="42" count="22" type="stmt"/>
      <line num="44" count="22" type="stmt"/>
      <line num="46" count="22" type="stmt"/>
      <line num="50" count="2" type="stmt"/>
      <line num="51" count="2" type="cond" truecount="2" falsecount="0"/>
      <line num="53" count="2" type="stmt"/>
      <line num="62" count="35" type="stmt"/>
      <line num="63" count="35" type="cond" truecount="6" falsecount="0"/>
      <line num="64" count="2" type="stmt"/>
      <line num="66" count="2" type="stmt"/>
      <line num="69" count="33" type="cond" truecount="4" falsecount="0"/>
      <line num="70" count="20" type="stmt"/>
      <line num="72" count="20" type="stmt"/>
      <line num="75" count="13" type="stmt"/>
      <line num="79" count="63" type="stmt"/>
      <line num="81" count="63" type="stmt"/>
      <line num="82" count="63" type="stmt"/>
      <line num="85" count="63" type="stmt"/>
      <line num="88" count="1" type="cond" truecount="2" falsecount="0"/>
      <line num="89" count="56" type="stmt"/>
      <line num="91" count="56" type="stmt"/>
      <line num="92" count="27" type="cond" truecount="4" falsecount="0"/>
      <line num="93" count="1" type="stmt"/>
      <line num="94" count="1" type="stmt"/>
      <line num="97" count="26" type="stmt"/>
      <line num="98" count="26" type="cond" truecount="2" falsecount="0"/>
      <line num="99" count="2" type="stmt"/>
      <line num="102" count="24" type="stmt"/>
      <line num="103" count="24" type="stmt"/>
      <line num="105" count="24" type="stmt"/>
      <line num="109" count="56" type="stmt"/>
      <line num="114" count="27" type="stmt"/>
      <line num="117" count="56" type="stmt"/>
      <line num="120" count="1" type="stmt"/>
      <line num="124" count="7" type="stmt"/>
      <line num="125" count="7" type="cond" truecount="4" falsecount="0"/>
      <line num="128" count="7" type="stmt"/>
      <line num="130" count="3" type="stmt"/>
      <line num="135" count="7" type="stmt"/>
      <line num="140" count="3" type="stmt"/>
      <line num="143" count="7" type="stmt"/>
      <line num="159" count="1" type="stmt"/>
      <line num="164" count="25" type="stmt"/>
      <line num="165" count="25" type="stmt"/>
      <line num="166" count="25" type="cond" truecount="4" falsecount="0"/>
      <line num="170" count="2" type="stmt"/>
      <line num="171" count="2" type="stmt"/>
      <line num="174" count="2" type="stmt"/>
      <line num="178" count="4" type="stmt"/>
      <line num="179" count="4" type="stmt"/>
      <line num="180" count="4" type="cond" truecount="2" falsecount="0"/>
      <line num="181" count="1" type="stmt"/>
      <line num="184" count="3" type="stmt"/>
      <line num="187" count="4" type="stmt"/>
      <line num="191" count="5" type="stmt"/>
      <line num="192" count="5" type="stmt"/>
      <line num="194" count="5" type="cond" truecount="2" falsecount="0"/>
      <line num="195" count="1" type="stmt"/>
      <line num="198" count="4" type="cond" truecount="2" falsecount="0"/>
      <line num="199" count="1" type="stmt"/>
      <line num="200" count="1" type="stmt"/>
      <line num="203" count="3" type="cond" truecount="2" falsecount="0"/>
      <line num="204" count="1" type="stmt"/>
      <line num="205" count="1" type="stmt"/>
      <line num="209" count="2" type="stmt"/>
      <line num="212" count="5" type="stmt"/>
      <line num="216" count="5" type="stmt"/>
      <line num="219" count="25" type="stmt"/>
    </file>
    <file name="value.function.ts" path="/home/gianmarcotoso/Developer/projects/use-form/src/value.function.ts">
      <metrics statements="2" coveredstatements="2" conditionals="4" coveredconditionals="4" methods="1" coveredmethods="1"/>
      <line num="1" count="1" type="stmt"/>
      <line num="2" count="2" type="cond" truecount="4" falsecount="0"/>
    </file>
  </project>
</coverage>
