{"/home/gianmarcotoso/Developer/projects/use-form/src/use-form.hook.ts": {"path":"/home/gianmarcotoso/Developer/projects/use-form/src/use-form.hook.ts","statementMap":{"0":{"start":{"line":1,"column":0},"end":{"line":1,"column":68}},"1":{"start":{"line":2,"column":0},"end":{"line":2,"column":67}},"2":{"start":{"line":40,"column":21},"end":{"line":40,"column":35}},"3":{"start":{"line":41,"column":18},"end":{"line":41,"column":39}},"4":{"start":{"line":43,"column":16},"end":{"line":43,"column":40}},"5":{"start":{"line":45,"column":1},"end":{"line":45,"column":null}},"6":{"start":{"line":49,"column":16},"end":{"line":49,"column":48}},"7":{"start":{"line":50,"column":15},"end":{"line":50,"column":73}},"8":{"start":{"line":52,"column":1},"end":{"line":52,"column":null}},"9":{"start":{"line":61,"column":15},"end":{"line":61,"column":48}},"10":{"start":{"line":62,"column":1},"end":{"line":66,"column":null}},"11":{"start":{"line":63,"column":2},"end":{"line":63,"column":null}},"12":{"start":{"line":65,"column":2},"end":{"line":65,"column":8}},"13":{"start":{"line":68,"column":1},"end":{"line":72,"column":null}},"14":{"start":{"line":69,"column":2},"end":{"line":69,"column":null}},"15":{"start":{"line":71,"column":2},"end":{"line":71,"column":8}},"16":{"start":{"line":74,"column":1},"end":{"line":74,"column":null}},"17":{"start":{"line":78,"column":25},"end":{"line":78,"column":84}},"18":{"start":{"line":80,"column":22},"end":{"line":96,"column":7}},"19":{"start":{"line":81,"column":2},"end":{"line":84,"column":null}},"20":{"start":{"line":82,"column":3},"end":{"line":82,"column":null}},"21":{"start":{"line":83,"column":3},"end":{"line":83,"column":9}},"22":{"start":{"line":86,"column":2},"end":{"line":95,"column":null}},"23":{"start":{"line":87,"column":3},"end":{"line":89,"column":null}},"24":{"start":{"line":88,"column":4},"end":{"line":88,"column":null}},"25":{"start":{"line":91,"column":18},"end":{"line":91,"column":63}},"26":{"start":{"line":92,"column":3},"end":{"line":92,"column":null}},"27":{"start":{"line":94,"column":3},"end":{"line":94,"column":null}},"28":{"start":{"line":98,"column":22},"end":{"line":102,"column":null}},"29":{"start":{"line":100,"column":3},"end":{"line":100,"column":null}},"30":{"start":{"line":105,"column":1},"end":{"line":105,"column":null}},"31":{"start":{"line":77,"column":0},"end":{"line":77,"column":16}},"32":{"start":{"line":112,"column":38},"end":{"line":114,"column":11}},"33":{"start":{"line":113,"column":2},"end":{"line":113,"column":null}},"34":{"start":{"line":116,"column":22},"end":{"line":120,"column":null}},"35":{"start":{"line":118,"column":3},"end":{"line":118,"column":null}},"36":{"start":{"line":123,"column":22},"end":{"line":127,"column":null}},"37":{"start":{"line":125,"column":3},"end":{"line":125,"column":null}},"38":{"start":{"line":130,"column":1},"end":{"line":130,"column":null}},"39":{"start":{"line":108,"column":0},"end":{"line":108,"column":16}},"40":{"start":{"line":151,"column":26},"end":{"line":151,"column":30}},"41":{"start":{"line":152,"column":27},"end":{"line":154,"column":16}},"42":{"start":{"line":153,"column":2},"end":{"line":153,"column":null}},"43":{"start":{"line":157,"column":23},"end":{"line":157,"column":46}},"44":{"start":{"line":159,"column":2},"end":{"line":159,"column":null}},"45":{"start":{"line":163,"column":23},"end":{"line":163,"column":85}},"46":{"start":{"line":163,"column":50},"end":{"line":163,"column":84}},"47":{"start":{"line":165,"column":2},"end":{"line":165,"column":null}},"48":{"start":{"line":169,"column":23},"end":{"line":179,"column":4}},"49":{"start":{"line":170,"column":3},"end":{"line":176,"column":null}},"50":{"start":{"line":171,"column":4},"end":{"line":173,"column":null}},"51":{"start":{"line":172,"column":5},"end":{"line":172,"column":null}},"52":{"start":{"line":175,"column":4},"end":{"line":175,"column":null}},"53":{"start":{"line":178,"column":3},"end":{"line":178,"column":null}},"54":{"start":{"line":181,"column":2},"end":{"line":181,"column":null}},"55":{"start":{"line":185,"column":2},"end":{"line":185,"column":null}},"56":{"start":{"line":188,"column":1},"end":{"line":188,"column":null}},"57":{"start":{"line":146,"column":0},"end":{"line":146,"column":16}}},"fnMap":{"0":{"name":"UpdateOnPathAndValue","decl":{"start":{"line":39,"column":9},"end":{"line":39,"column":29}},"loc":{"start":{"line":39,"column":114},"end":{"line":46,"column":1}}},"1":{"name":"UpdateOnEvent","decl":{"start":{"line":48,"column":9},"end":{"line":48,"column":22}},"loc":{"start":{"line":48,"column":83},"end":{"line":53,"column":1}}},"2":{"name":"Update","decl":{"start":{"line":55,"column":9},"end":{"line":55,"column":15}},"loc":{"start":{"line":59,"column":18},"end":{"line":75,"column":1}}},"3":{"name":"useForm","decl":{"start":{"line":77,"column":16},"end":{"line":77,"column":23}},"loc":{"start":{"line":77,"column":108},"end":{"line":106,"column":1}}},"4":{"name":"(anonymous_4)","decl":{"start":{"line":80,"column":34},"end":{"line":80,"column":35}},"loc":{"start":{"line":80,"column":79},"end":{"line":96,"column":2}}},"5":{"name":"(anonymous_5)","decl":{"start":{"line":86,"column":10},"end":{"line":86,"column":11}},"loc":{"start":{"line":86,"column":19},"end":{"line":95,"column":3}}},"6":{"name":"handleChange","decl":{"start":{"line":99,"column":11},"end":{"line":99,"column":23}},"loc":{"start":{"line":99,"column":88},"end":{"line":101,"column":3}}},"7":{"name":"useNestedForm","decl":{"start":{"line":108,"column":16},"end":{"line":108,"column":29}},"loc":{"start":{"line":110,"column":7},"end":{"line":131,"column":1}}},"8":{"name":"(anonymous_8)","decl":{"start":{"line":112,"column":46},"end":{"line":112,"column":49}},"loc":{"start":{"line":112,"column":51},"end":{"line":114,"column":2}}},"9":{"name":"(anonymous_9)","decl":{"start":{"line":117,"column":2},"end":{"line":117,"column":3}},"loc":{"start":{"line":117,"column":47},"end":{"line":119,"column":3}}},"10":{"name":"handleChange","decl":{"start":{"line":124,"column":11},"end":{"line":124,"column":23}},"loc":{"start":{"line":124,"column":88},"end":{"line":126,"column":3}}},"11":{"name":"useFormList","decl":{"start":{"line":146,"column":16},"end":{"line":146,"column":27}},"loc":{"start":{"line":149,"column":29},"end":{"line":189,"column":1}}},"12":{"name":"(anonymous_12)","decl":{"start":{"line":152,"column":35},"end":{"line":152,"column":38}},"loc":{"start":{"line":152,"column":40},"end":{"line":154,"column":2}}},"13":{"name":"handleAddItem","decl":{"start":{"line":156,"column":10},"end":{"line":156,"column":23}},"loc":{"start":{"line":156,"column":44},"end":{"line":160,"column":2}}},"14":{"name":"handleRemoveItem","decl":{"start":{"line":162,"column":10},"end":{"line":162,"column":26}},"loc":{"start":{"line":162,"column":34},"end":{"line":166,"column":2}}},"15":{"name":"(anonymous_15)","decl":{"start":{"line":163,"column":43},"end":{"line":163,"column":44}},"loc":{"start":{"line":163,"column":50},"end":{"line":163,"column":84}}},"16":{"name":"handleUpdateItem","decl":{"start":{"line":168,"column":10},"end":{"line":168,"column":26}},"loc":{"start":{"line":168,"column":76},"end":{"line":182,"column":2}}},"17":{"name":"(anonymous_17)","decl":{"start":{"line":169,"column":40},"end":{"line":169,"column":41}},"loc":{"start":{"line":169,"column":46},"end":{"line":179,"column":3}}},"18":{"name":"handleChange","decl":{"start":{"line":184,"column":10},"end":{"line":184,"column":22}},"loc":{"start":{"line":184,"column":96},"end":{"line":186,"column":2}}}},"branchMap":{"0":{"loc":{"start":{"line":50,"column":44},"end":{"line":50,"column":58}},"type":"cond-expr","locations":[{"start":{"line":50,"column":44},"end":{"line":50,"column":58}},{"start":{"line":50,"column":61},"end":{"line":50,"column":73}}]},"1":{"loc":{"start":{"line":62,"column":1},"end":{"line":66,"column":null}},"type":"if","locations":[{"start":{"line":62,"column":1},"end":{"line":66,"column":null}},{"start":{"line":62,"column":1},"end":{"line":66,"column":null}}]},"2":{"loc":{"start":{"line":62,"column":10},"end":{"line":62,"column":12}},"type":"cond-expr","locations":[{"start":{"line":62,"column":10},"end":{"line":62,"column":12}},{"start":{"line":62,"column":5},"end":{"line":62,"column":23}}]},"3":{"loc":{"start":{"line":62,"column":5},"end":{"line":62,"column":12}},"type":"binary-expr","locations":[{"start":{"line":62,"column":5},"end":{"line":62,"column":12}},{"start":{"line":62,"column":5},"end":{"line":62,"column":12}}]},"4":{"loc":{"start":{"line":68,"column":1},"end":{"line":72,"column":null}},"type":"if","locations":[{"start":{"line":68,"column":1},"end":{"line":72,"column":null}},{"start":{"line":68,"column":1},"end":{"line":72,"column":null}}]},"5":{"loc":{"start":{"line":68,"column":5},"end":{"line":68,"column":43}},"type":"binary-expr","locations":[{"start":{"line":68,"column":5},"end":{"line":68,"column":43}},{"start":{"line":68,"column":47},"end":{"line":68,"column":84}}]},"6":{"loc":{"start":{"line":77,"column":58},"end":{"line":77,"column":60}},"type":"default-arg","locations":[{"start":{"line":77,"column":58},"end":{"line":77,"column":60}}]},"7":{"loc":{"start":{"line":77,"column":100},"end":{"line":77,"column":108}},"type":"default-arg","locations":[{"start":{"line":77,"column":100},"end":{"line":77,"column":108}}]},"8":{"loc":{"start":{"line":81,"column":2},"end":{"line":84,"column":null}},"type":"if","locations":[{"start":{"line":81,"column":2},"end":{"line":84,"column":null}},{"start":{"line":81,"column":2},"end":{"line":84,"column":null}}]},"9":{"loc":{"start":{"line":81,"column":6},"end":{"line":81,"column":20}},"type":"binary-expr","locations":[{"start":{"line":81,"column":6},"end":{"line":81,"column":20}},{"start":{"line":81,"column":24},"end":{"line":81,"column":31}}]},"10":{"loc":{"start":{"line":87,"column":3},"end":{"line":89,"column":null}},"type":"if","locations":[{"start":{"line":87,"column":3},"end":{"line":89,"column":null}},{"start":{"line":87,"column":3},"end":{"line":89,"column":null}}]},"11":{"loc":{"start":{"line":113,"column":47},"end":{"line":113,"column":51}},"type":"cond-expr","locations":[{"start":{"line":113,"column":47},"end":{"line":113,"column":51}},{"start":{"line":113,"column":51},"end":{"line":113,"column":53}}]},"12":{"loc":{"start":{"line":113,"column":9},"end":{"line":113,"column":51}},"type":"binary-expr","locations":[{"start":{"line":113,"column":9},"end":{"line":113,"column":51}},{"start":{"line":113,"column":47},"end":{"line":113,"column":51}}]},"13":{"loc":{"start":{"line":153,"column":47},"end":{"line":153,"column":51}},"type":"cond-expr","locations":[{"start":{"line":153,"column":47},"end":{"line":153,"column":51}},{"start":{"line":153,"column":51},"end":{"line":153,"column":53}}]},"14":{"loc":{"start":{"line":153,"column":9},"end":{"line":153,"column":51}},"type":"binary-expr","locations":[{"start":{"line":153,"column":9},"end":{"line":153,"column":51}},{"start":{"line":153,"column":47},"end":{"line":153,"column":51}}]},"15":{"loc":{"start":{"line":170,"column":3},"end":{"line":176,"column":null}},"type":"if","locations":[{"start":{"line":170,"column":3},"end":{"line":176,"column":null}},{"start":{"line":170,"column":3},"end":{"line":176,"column":null}}]},"16":{"loc":{"start":{"line":171,"column":4},"end":{"line":173,"column":null}},"type":"if","locations":[{"start":{"line":171,"column":4},"end":{"line":173,"column":null}},{"start":{"line":171,"column":4},"end":{"line":173,"column":null}}]},"17":{"loc":{"start":{"line":171,"column":8},"end":{"line":171,"column":29}},"type":"binary-expr","locations":[{"start":{"line":171,"column":8},"end":{"line":171,"column":29}},{"start":{"line":171,"column":33},"end":{"line":171,"column":41}}]}},"s":{"0":1,"1":1,"2":13,"3":13,"4":13,"5":13,"6":2,"7":2,"8":2,"9":22,"10":22,"11":2,"12":2,"13":20,"14":11,"15":11,"16":9,"17":41,"18":41,"19":19,"20":1,"21":1,"22":18,"23":18,"24":2,"25":16,"26":16,"27":16,"28":41,"29":19,"30":41,"31":1,"32":2,"33":2,"34":2,"35":1,"36":2,"37":1,"38":2,"39":1,"40":15,"41":15,"42":15,"43":2,"44":2,"45":2,"46":2,"47":2,"48":2,"49":3,"50":2,"51":1,"52":1,"53":1,"54":2,"55":2,"56":15,"57":1},"f":{"0":13,"1":2,"2":22,"3":41,"4":19,"5":18,"6":19,"7":2,"8":2,"9":1,"10":1,"11":15,"12":15,"13":2,"14":2,"15":2,"16":2,"17":3,"18":2},"b":{"0":[1,1],"1":[2,20],"2":[2,20],"3":[22,20],"4":[11,9],"5":[20,12],"6":[3],"7":[38],"8":[1,18],"9":[19,2],"10":[2,16],"11":[1,1],"12":[2,2],"13":[14,1],"14":[15,15],"15":[2,1],"16":[1,1],"17":[2,1]}}
,"/home/gianmarcotoso/Developer/projects/use-form/src/value.function.ts": {"path":"/home/gianmarcotoso/Developer/projects/use-form/src/value.function.ts","statementMap":{"0":{"start":{"line":2,"column":1},"end":{"line":2,"column":null}},"1":{"start":{"line":1,"column":0},"end":{"line":1,"column":16}}},"fnMap":{"0":{"name":"value","decl":{"start":{"line":1,"column":16},"end":{"line":1,"column":21}},"loc":{"start":{"line":1,"column":32},"end":{"line":3,"column":1}}}},"branchMap":{"0":{"loc":{"start":{"line":2,"column":8},"end":{"line":2,"column":13}},"type":"cond-expr","locations":[{"start":{"line":2,"column":8},"end":{"line":2,"column":13}},{"start":{"line":2,"column":17},"end":{"line":2,"column":19}}]},"1":{"loc":{"start":{"line":2,"column":8},"end":{"line":2,"column":17}},"type":"binary-expr","locations":[{"start":{"line":2,"column":8},"end":{"line":2,"column":17}},{"start":{"line":2,"column":8},"end":{"line":2,"column":17}}]}},"s":{"0":2,"1":1},"f":{"0":2},"b":{"0":[1,1],"1":[2,2]}}
}
