TN:
SF:src/use-form.hook.ts
FN:41,UpdateOnPathAndValue
FN:50,UpdateOnEvent
FN:57,Update
FN:79,useForm
FN:82,(anonymous_5)
FN:88,(anonymous_6)
FN:101,handleChange
FN:110,useNestedForm
FN:114,(anonymous_9)
FN:119,(anonymous_10)
FN:126,handleChange
FN:148,useFormList
FN:154,(anonymous_13)
FN:158,handleAddItem
FN:159,(anonymous_15)
FN:166,handleRemoveItem
FN:167,(anonymous_17)
FN:168,(anonymous_18)
FN:179,handleUpdateItem
FN:180,(anonymous_20)
FN:181,(anonymous_21)
FN:204,handleChange
FNF:22
FNH:22
FNDA:21,UpdateOnPathAndValue
FNDA:2,UpdateOnEvent
FNDA:33,Update
FNDA:54,useForm
FNDA:26,(anonymous_5)
FNDA:25,(anonymous_6)
FNDA:26,handleChange
FNDA:5,useNestedForm
FNDA:5,(anonymous_9)
FNDA:2,(anonymous_10)
FNDA:2,handleChange
FNDA:25,useFormList
FNDA:25,(anonymous_13)
FNDA:2,handleAddItem
FNDA:2,(anonymous_15)
FNDA:4,handleRemoveItem
FNDA:4,(anonymous_17)
FNDA:4,(anonymous_18)
FNDA:5,handleUpdateItem
FNDA:5,(anonymous_20)
FNDA:5,(anonymous_21)
FNDA:5,handleChange
DA:1,1
DA:2,1
DA:3,1
DA:42,21
DA:43,21
DA:45,21
DA:47,21
DA:51,2
DA:52,2
DA:54,2
DA:63,33
DA:64,33
DA:65,2
DA:67,2
DA:70,31
DA:71,19
DA:73,19
DA:76,12
DA:79,1
DA:80,54
DA:82,54
DA:83,26
DA:84,1
DA:85,1
DA:88,25
DA:89,25
DA:90,2
DA:93,23
DA:94,23
DA:96,23
DA:100,54
DA:102,26
DA:107,54
DA:110,1
DA:114,5
DA:115,5
DA:118,5
DA:120,2
DA:125,5
DA:127,2
DA:132,5
DA:148,1
DA:153,25
DA:154,25
DA:155,25
DA:159,2
DA:160,2
DA:163,2
DA:167,4
DA:168,4
DA:169,4
DA:170,1
DA:173,3
DA:176,4
DA:180,5
DA:181,5
DA:183,5
DA:184,1
DA:187,4
DA:188,1
DA:189,1
DA:192,3
DA:193,1
DA:194,1
DA:198,2
DA:201,5
DA:205,5
DA:208,25
LF:68
LH:68
BRDA:52,0,0,1
BRDA:52,0,1,1
BRDA:64,1,0,2
BRDA:64,1,1,31
BRDA:64,2,0,2
BRDA:64,2,1,31
BRDA:64,3,0,33
BRDA:64,3,1,31
BRDA:70,4,0,19
BRDA:70,4,1,12
BRDA:70,5,0,31
BRDA:70,5,1,20
BRDA:79,6,0,3
BRDA:79,7,0,51
BRDA:83,8,0,1
BRDA:83,8,1,25
BRDA:83,9,0,26
BRDA:83,9,1,2
BRDA:89,10,0,2
BRDA:89,10,1,23
BRDA:115,11,0,4
BRDA:115,11,1,1
BRDA:115,12,0,5
BRDA:115,12,1,5
BRDA:155,13,0,24
BRDA:155,13,1,1
BRDA:155,14,0,25
BRDA:155,14,1,25
BRDA:169,15,0,1
BRDA:169,15,1,3
BRDA:183,16,0,1
BRDA:183,16,1,4
BRDA:187,17,0,1
BRDA:187,17,1,3
BRDA:192,18,0,1
BRDA:192,18,1,2
BRF:36
BRH:36
end_of_record
TN:
SF:src/value.function.ts
FN:1,value
FNF:1
FNH:1
FNDA:2,value
DA:1,1
DA:2,2
LF:2
LH:2
BRDA:2,0,0,1
BRDA:2,0,1,1
BRDA:2,1,0,2
BRDA:2,1,1,2
BRF:4
BRH:4
end_of_record
