TN:
SF:src/use-form.hook.ts
FN:40,UpdateOnPathAndValue
FN:49,UpdateOnEvent
FN:56,Update
FN:78,useStableCallback
FN:81,(anonymous_5)
FN:88,useForm
FN:91,(anonymous_7)
FN:97,(anonymous_8)
FN:109,handleChange
FN:120,useNestedForm
FN:124,(anonymous_11)
FN:129,(anonymous_12)
FN:135,handleChange
FN:159,useFormList
FN:165,(anonymous_15)
FN:169,handleAddItem
FN:170,(anonymous_17)
FN:177,handleRemoveItem
FN:178,(anonymous_19)
FN:179,(anonymous_20)
FN:190,handleUpdateItem
FN:191,(anonymous_22)
FN:192,(anonymous_23)
FN:215,handleChange
FNF:24
FNH:24
FNDA:22,UpdateOnPathAndValue
FNDA:2,UpdateOnEvent
FNDA:35,Update
FNDA:63,useStableCallback
FNDA:63,(anonymous_5)
FNDA:56,useForm
FNDA:27,(anonymous_7)
FNDA:26,(anonymous_8)
FNDA:27,handleChange
FNDA:7,useNestedForm
FNDA:7,(anonymous_11)
FNDA:3,(anonymous_12)
FNDA:3,handleChange
FNDA:25,useFormList
FNDA:25,(anonymous_15)
FNDA:2,handleAddItem
FNDA:2,(anonymous_17)
FNDA:4,handleRemoveItem
FNDA:4,(anonymous_19)
FNDA:4,(anonymous_20)
FNDA:5,handleUpdateItem
FNDA:5,(anonymous_22)
FNDA:5,(anonymous_23)
FNDA:5,handleChange
DA:1,1
DA:2,1
DA:3,1
DA:41,22
DA:42,22
DA:44,22
DA:46,22
DA:50,2
DA:51,2
DA:53,2
DA:62,35
DA:63,35
DA:64,2
DA:66,2
DA:69,33
DA:70,20
DA:72,20
DA:75,13
DA:79,63
DA:81,63
DA:82,63
DA:85,63
DA:88,1
DA:89,56
DA:91,56
DA:92,27
DA:93,1
DA:94,1
DA:97,26
DA:98,26
DA:99,2
DA:102,24
DA:103,24
DA:105,24
DA:109,56
DA:114,27
DA:117,56
DA:120,1
DA:124,7
DA:125,7
DA:128,7
DA:130,3
DA:135,7
DA:140,3
DA:143,7
DA:159,1
DA:164,25
DA:165,25
DA:166,25
DA:170,2
DA:171,2
DA:174,2
DA:178,4
DA:179,4
DA:180,4
DA:181,1
DA:184,3
DA:187,4
DA:191,5
DA:192,5
DA:194,5
DA:195,1
DA:198,4
DA:199,1
DA:200,1
DA:203,3
DA:204,1
DA:205,1
DA:209,2
DA:212,5
DA:216,5
DA:219,25
LF:72
LH:72
BRDA:51,0,0,1
BRDA:51,0,1,1
BRDA:63,1,0,2
BRDA:63,1,1,33
BRDA:63,2,0,2
BRDA:63,2,1,33
BRDA:63,3,0,35
BRDA:63,3,1,33
BRDA:69,4,0,20
BRDA:69,4,1,13
BRDA:69,5,0,33
BRDA:69,5,1,21
BRDA:88,6,0,3
BRDA:88,7,0,53
BRDA:92,8,0,1
BRDA:92,8,1,26
BRDA:92,9,0,27
BRDA:92,9,1,2
BRDA:98,10,0,2
BRDA:98,10,1,24
BRDA:125,11,0,6
BRDA:125,11,1,1
BRDA:125,12,0,7
BRDA:125,12,1,7
BRDA:166,13,0,24
BRDA:166,13,1,1
BRDA:166,14,0,25
BRDA:166,14,1,25
BRDA:180,15,0,1
BRDA:180,15,1,3
BRDA:194,16,0,1
BRDA:194,16,1,4
BRDA:198,17,0,1
BRDA:198,17,1,3
BRDA:203,18,0,1
BRDA:203,18,1,2
BRF:36
BRH:36
end_of_record
TN:
SF:src/value.function.ts
FN:1,value
FNF:1
FNH:1
FNDA:2,value
DA:1,1
DA:2,2
LF:2
LH:2
BRDA:2,0,0,1
BRDA:2,0,1,1
BRDA:2,1,0,2
BRDA:2,1,1,2
BRF:4
BRH:4
end_of_record
